<?xml version="1.0" encoding="UTF-8"?>
<testng-results skipped="0" failed="0" ignored="0" total="1" passed="1">
  <reporter-output>
  </reporter-output>
  <suite name="Surefire suite" duration-ms="11556" started-at="2020-02-11T05:39:27Z" finished-at="2020-02-11T05:39:38Z">
    <groups>
    </groups>
    <test name="Surefire test" duration-ms="11556" started-at="2020-02-11T05:39:27Z" finished-at="2020-02-11T05:39:38Z">
      <class name="com.selenium.test.SampleSelenium.E2Etest">
        <test-method status="PASS" signature="beforeTest()[pri:0, instance:com.selenium.test.SampleSelenium.E2Etest@5a61f5df]" name="beforeTest" is-config="true" duration-ms="5755" started-at="2020-02-11T05:39:27Z" finished-at="2020-02-11T05:39:32Z">
          <reporter-output>
          </reporter-output>
        </test-method> <!-- beforeTest -->
        <test-method status="PASS" signature="Login()[pri:0, instance:com.selenium.test.SampleSelenium.E2Etest@5a61f5df]" name="Login" duration-ms="2972" started-at="2020-02-11T05:39:32Z" finished-at="2020-02-11T05:39:35Z">
          <reporter-output>
          </reporter-output>
        </test-method> <!-- Login -->
        <test-method status="PASS" signature="closeBrowser()[pri:0, instance:com.selenium.test.SampleSelenium.E2Etest@5a61f5df]" name="closeBrowser" is-config="true" duration-ms="2815" started-at="2020-02-11T05:39:35Z" finished-at="2020-02-11T05:39:38Z">
          <reporter-output>
          </reporter-output>
        </test-method> <!-- closeBrowser -->
      </class> <!-- com.selenium.test.SampleSelenium.E2Etest -->
    </test> <!-- Surefire test -->
  </suite> <!-- Surefire suite -->
</testng-results>
