<?xml version="1.0" encoding="UTF-8"?>
<testng-results skipped="0" failed="0" ignored="0" total="1" passed="1">
  <reporter-output>
  </reporter-output>
  <suite name="Suite" duration-ms="11538" started-at="2020-02-12T07:06:20Z" finished-at="2020-02-12T07:06:31Z">
    <groups>
    </groups>
    <test name="Test" duration-ms="11538" started-at="2020-02-12T07:06:20Z" finished-at="2020-02-12T07:06:31Z">
      <class name="com.selenium.test.SampleSelenium.E2Etest">
        <test-method status="PASS" signature="beforeTest()[pri:0, instance:com.selenium.test.SampleSelenium.E2Etest@49fc609f]" name="beforeTest" is-config="true" duration-ms="5765" started-at="2020-02-12T07:06:20Z" finished-at="2020-02-12T07:06:25Z">
          <reporter-output>
          </reporter-output>
        </test-method> <!-- beforeTest -->
        <test-method status="PASS" signature="Login()[pri:0, instance:com.selenium.test.SampleSelenium.E2Etest@49fc609f]" name="Login" duration-ms="2921" started-at="2020-02-12T07:06:25Z" finished-at="2020-02-12T07:06:28Z">
          <reporter-output>
          </reporter-output>
        </test-method> <!-- Login -->
        <test-method status="PASS" signature="closeBrowser()[pri:0, instance:com.selenium.test.SampleSelenium.E2Etest@49fc609f]" name="closeBrowser" is-config="true" duration-ms="2831" started-at="2020-02-12T07:06:28Z" finished-at="2020-02-12T07:06:31Z">
          <reporter-output>
          </reporter-output>
        </test-method> <!-- closeBrowser -->
      </class> <!-- com.selenium.test.SampleSelenium.E2Etest -->
    </test> <!-- Test -->
  </suite> <!-- Suite -->
</testng-results>
