<?xml version="1.0" encoding="UTF-8"?>
<testng-results skipped="0" failed="0" ignored="0" total="1" passed="1">
  <reporter-output>
  </reporter-output>
  <suite name="Default suite" duration-ms="10866" started-at="2019-12-10T18:10:30Z" finished-at="2019-12-10T18:10:41Z">
    <groups>
    </groups>
    <test name="Default test" duration-ms="10866" started-at="2019-12-10T18:10:30Z" finished-at="2019-12-10T18:10:41Z">
      <class name="com.selenium.test.SampleSelenium.E2Etest">
        <test-method status="PASS" signature="beforeTest()[pri:0, instance:com.selenium.test.SampleSelenium.E2Etest@27f723]" name="beforeTest" is-config="true" duration-ms="5562" started-at="2019-12-10T18:10:30Z" finished-at="2019-12-10T18:10:35Z">
          <reporter-output>
          </reporter-output>
        </test-method> <!-- beforeTest -->
        <test-method status="PASS" signature="Login()[pri:0, instance:com.selenium.test.SampleSelenium.E2Etest@27f723]" name="Login" duration-ms="3791" started-at="2019-12-10T18:10:35Z" finished-at="2019-12-10T18:10:39Z">
          <reporter-output>
          </reporter-output>
        </test-method> <!-- Login -->
        <test-method status="PASS" signature="closeBrowser()[pri:0, instance:com.selenium.test.SampleSelenium.E2Etest@27f723]" name="closeBrowser" is-config="true" duration-ms="1487" started-at="2019-12-10T18:10:39Z" finished-at="2019-12-10T18:10:41Z">
          <reporter-output>
          </reporter-output>
        </test-method> <!-- closeBrowser -->
      </class> <!-- com.selenium.test.SampleSelenium.E2Etest -->
    </test> <!-- Default test -->
  </suite> <!-- Default suite -->
</testng-results>
