<?xml version="1.0" encoding="UTF-8"?>
<testng-results skipped="0" failed="0" ignored="0" total="1" passed="1">
  <reporter-output>
  </reporter-output>
  <suite name="Default suite" duration-ms="12511" started-at="2020-02-11T05:19:07Z" finished-at="2020-02-11T05:19:20Z">
    <groups>
    </groups>
    <test name="Default test" duration-ms="12511" started-at="2020-02-11T05:19:07Z" finished-at="2020-02-11T05:19:20Z">
      <class name="com.selenium.test.SampleSelenium.E2Etest">
        <test-method status="PASS" signature="beforeTest()[pri:0, instance:com.selenium.test.SampleSelenium.E2Etest@27f723]" name="beforeTest" is-config="true" duration-ms="5988" started-at="2020-02-11T05:19:07Z" finished-at="2020-02-11T05:19:13Z">
          <reporter-output>
          </reporter-output>
        </test-method> <!-- beforeTest -->
        <test-method status="PASS" signature="Login()[pri:0, instance:com.selenium.test.SampleSelenium.E2Etest@27f723]" name="Login" duration-ms="3730" started-at="2020-02-11T05:19:13Z" finished-at="2020-02-11T05:19:17Z">
          <reporter-output>
          </reporter-output>
        </test-method> <!-- Login -->
        <test-method status="PASS" signature="closeBrowser()[pri:0, instance:com.selenium.test.SampleSelenium.E2Etest@27f723]" name="closeBrowser" is-config="true" duration-ms="2767" started-at="2020-02-11T05:19:17Z" finished-at="2020-02-11T05:19:20Z">
          <reporter-output>
          </reporter-output>
        </test-method> <!-- closeBrowser -->
      </class> <!-- com.selenium.test.SampleSelenium.E2Etest -->
    </test> <!-- Default test -->
  </suite> <!-- Default suite -->
</testng-results>
